This is pdfTeX, Version 3.141592653-2.6-1.40.22 (TeX Live 2022/dev/Debian) (preloaded format=pdflatex 2023.10.9)  9 DEC 2023 17:18
entering extended mode
 restricted \write18 enabled.
 %&-line parsing enabled.
**main.tex
(./main.tex
LaTeX2e <2021-11-15> patch level 1
L3 programming layer <2022-01-21>
(/usr/share/texlive/texmf-dist/tex/latex/base/article.cls
Document Class: article 2021/10/04 v1.4n Standard LaTeX document class
(/usr/share/texlive/texmf-dist/tex/latex/base/size10.clo
File: size10.clo 2021/10/04 v1.4n Standard LaTeX file (size option)
)
\c@part=\count185
\c@section=\count186
\c@subsection=\count187
\c@subsubsection=\count188
\c@paragraph=\count189
\c@subparagraph=\count190
\c@figure=\count191
\c@table=\count192
\abovecaptionskip=\skip47
\belowcaptionskip=\skip48
\bibindent=\dimen138
)
(/usr/share/texlive/texmf-dist/tex/latex/base/inputenc.sty
Package: inputenc 2021/02/14 v1.3d Input encoding file
\inpenc@prehook=\toks16
\inpenc@posthook=\toks17
)
(/usr/share/texlive/texmf-dist/tex/generic/babel/babel.sty
Package: babel 2022/01/26 3.70 The Babel package
\babel@savecnt=\count193
\U@D=\dimen139
\l@unhyphenated=\language87

(/usr/share/texlive/texmf-dist/tex/generic/babel/txtbabel.def)
\bbl@readstream=\read2
\bbl@dirlevel=\count194

(/usr/share/texlive/texmf-dist/tex/generic/babel-spanish/spanish.ldf
Language: spanish.ldf 2021/05/27 v5.0q Spanish support from the babel system
\es@quottoks=\toks18
\es@quotdepth=\count195
Package babel Info: Making " an active character on input line 570.
Package babel Info: Making . an active character on input line 675.
Package babel Info: Making < an active character on input line 722.
Package babel Info: Making > an active character on input line 722.
))
(/usr/share/texlive/texmf-dist/tex/latex/amsmath/amsmath.sty
Package: amsmath 2021/10/15 v2.17l AMS math features
\@mathmargin=\skip49

For additional information on amsmath, use the `?' option.
(/usr/share/texlive/texmf-dist/tex/latex/amsmath/amstext.sty
Package: amstext 2021/08/26 v2.01 AMS text

(/usr/share/texlive/texmf-dist/tex/latex/amsmath/amsgen.sty
File: amsgen.sty 1999/11/30 v2.0 generic functions
\@emptytoks=\toks19
\ex@=\dimen140
))
(/usr/share/texlive/texmf-dist/tex/latex/amsmath/amsbsy.sty
Package: amsbsy 1999/11/29 v1.2d Bold Symbols
\pmbraise@=\dimen141
)
(/usr/share/texlive/texmf-dist/tex/latex/amsmath/amsopn.sty
Package: amsopn 2021/08/26 v2.02 operator names
)
\inf@bad=\count196
LaTeX Info: Redefining \frac on input line 234.
\uproot@=\count197
\leftroot@=\count198
LaTeX Info: Redefining \overline on input line 399.
\classnum@=\count199
\DOTSCASE@=\count266
LaTeX Info: Redefining \ldots on input line 496.
LaTeX Info: Redefining \dots on input line 499.
LaTeX Info: Redefining \cdots on input line 620.
\Mathstrutbox@=\box50
\strutbox@=\box51
\big@size=\dimen142
LaTeX Font Info:    Redeclaring font encoding OML on input line 743.
LaTeX Font Info:    Redeclaring font encoding OMS on input line 744.
\macc@depth=\count267
\c@MaxMatrixCols=\count268
\dotsspace@=\muskip16
\c@parentequation=\count269
\dspbrk@lvl=\count270
\tag@help=\toks20
\row@=\count271
\column@=\count272
\maxfields@=\count273
\andhelp@=\toks21
\eqnshift@=\dimen143
\alignsep@=\dimen144
\tagshift@=\dimen145
\tagwidth@=\dimen146
\totwidth@=\dimen147
\lineht@=\dimen148
\@envbody=\toks22
\multlinegap=\skip50
\multlinetaggap=\skip51
\mathdisplay@stack=\toks23
LaTeX Info: Redefining \[ on input line 2938.
LaTeX Info: Redefining \] on input line 2939.
)
(/usr/share/texlive/texmf-dist/tex/latex/amsfonts/amsfonts.sty
Package: amsfonts 2013/01/14 v3.01 Basic AMSFonts support
\symAMSa=\mathgroup4
\symAMSb=\mathgroup5
LaTeX Font Info:    Redeclaring math symbol \hbar on input line 98.
LaTeX Font Info:    Overwriting math alphabet `\mathfrak' in version `bold'
(Font)                  U/euf/m/n --> U/euf/b/n on input line 106.
)
(/usr/share/texlive/texmf-dist/tex/latex/amsfonts/amssymb.sty
Package: amssymb 2013/01/14 v3.01 AMS font symbols
)
(/usr/share/texlive/texmf-dist/tex/latex/vmargin/vmargin.sty
Package: vmargin 2004/07/15 V2.5 set document margins (VK)

Package: vmargin 2004/07/15 V2.5 set document margins (VK)
\PaperWidth=\dimen149
\PaperHeight=\dimen150
) (/usr/share/texlive/texmf-dist/tex/latex/graphics/graphicx.sty
Package: graphicx 2021/09/16 v1.2d Enhanced LaTeX Graphics (DPC,SPQR)

(/usr/share/texlive/texmf-dist/tex/latex/graphics/keyval.sty
Package: keyval 2014/10/28 v1.15 key=value parser (DPC)
\KV@toks@=\toks24
)
(/usr/share/texlive/texmf-dist/tex/latex/graphics/graphics.sty
Package: graphics 2021/03/04 v1.4d Standard LaTeX Graphics (DPC,SPQR)

(/usr/share/texlive/texmf-dist/tex/latex/graphics/trig.sty
Package: trig 2021/08/11 v1.11 sin cos tan (DPC)
)
(/usr/share/texlive/texmf-dist/tex/latex/graphics-cfg/graphics.cfg
File: graphics.cfg 2016/06/04 v1.11 sample graphics configuration
)
Package graphics Info: Driver file: pdftex.def on input line 107.

(/usr/share/texlive/texmf-dist/tex/latex/graphics-def/pdftex.def
File: pdftex.def 2020/10/05 v1.2a Graphics/color driver for pdftex
))
\Gin@req@height=\dimen151
\Gin@req@width=\dimen152
)
(/usr/share/texlive/texmf-dist/tex/latex/xcolor/xcolor.sty
Package: xcolor 2021/10/31 v2.13 LaTeX color extensions (UK)

(/usr/share/texlive/texmf-dist/tex/latex/graphics-cfg/color.cfg
File: color.cfg 2016/01/02 v1.6 sample color configuration
)
Package xcolor Info: Driver file: pdftex.def on input line 227.
Package xcolor Info: Model `cmy' substituted by `cmy0' on input line 1352.
Package xcolor Info: Model `hsb' substituted by `rgb' on input line 1356.
Package xcolor Info: Model `RGB' extended on input line 1368.
Package xcolor Info: Model `HTML' substituted by `rgb' on input line 1370.
Package xcolor Info: Model `Hsb' substituted by `hsb' on input line 1371.
Package xcolor Info: Model `tHsb' substituted by `hsb' on input line 1372.
Package xcolor Info: Model `HSB' substituted by `hsb' on input line 1373.
Package xcolor Info: Model `Gray' substituted by `gray' on input line 1374.
Package xcolor Info: Model `wave' substituted by `hsb' on input line 1375.
)
(/usr/share/texlive/texmf-dist/tex/latex/setspace/setspace.sty
Package: setspace 2011/12/19 v6.7a set line spacing
)
(/usr/share/texlive/texmf-dist/tex/latex/fancyhdr/fancyhdr.sty
Package: fancyhdr 2021/01/28 v4.0.1 Extensive control of page headers and foote
rs
\f@nch@headwidth=\skip52
\f@nch@O@elh=\skip53
\f@nch@O@erh=\skip54
\f@nch@O@olh=\skip55
\f@nch@O@orh=\skip56
\f@nch@O@elf=\skip57
\f@nch@O@erf=\skip58
\f@nch@O@olf=\skip59
\f@nch@O@orf=\skip60
)
(/usr/share/texlive/texmf-dist/tex/latex/titlesec/titlesec.sty
Package: titlesec 2021/07/05 v2.14 Sectioning titles
\ttl@box=\box52
\beforetitleunit=\skip61
\aftertitleunit=\skip62
\ttl@plus=\dimen153
\ttl@minus=\dimen154
\ttl@toksa=\toks25
\titlewidth=\dimen155
\titlewidthlast=\dimen156
\titlewidthfirst=\dimen157
)
(/usr/share/texlive/texmf-dist/tex/latex/lipsum/lipsum.sty
(/usr/share/texlive/texmf-dist/tex/latex/l3packages/l3keys2e/l3keys2e.sty
(/usr/share/texlive/texmf-dist/tex/latex/l3kernel/expl3.sty
Package: expl3 2022-01-21 L3 programming layer (loader) 

(/usr/share/texlive/texmf-dist/tex/latex/l3backend/l3backend-pdftex.def
File: l3backend-pdftex.def 2022-01-12 L3 backend support: PDF output (pdfTeX)
\l__color_backend_stack_int=\count274
\l__pdf_internal_box=\box53
))
Package: l3keys2e 2022-01-12 LaTeX2e option processing using LaTeX3 keys
)
Package: lipsum 2021-09-20 v2.7 150 paragraphs of Lorem Ipsum dummy text
\g__lipsum_par_int=\count275
\l__lipsum_a_int=\count276
\l__lipsum_b_int=\count277

(/usr/share/texlive/texmf-dist/tex/latex/lipsum/lipsum.ltd.tex))
(/usr/share/texlive/texmf-dist/tex/latex/geometry/geometry.sty
Package: geometry 2020/01/02 v5.9 Page Geometry

(/usr/share/texlive/texmf-dist/tex/generic/iftex/ifvtex.sty
Package: ifvtex 2019/10/25 v1.7 ifvtex legacy package. Use iftex instead.

(/usr/share/texlive/texmf-dist/tex/generic/iftex/iftex.sty
Package: iftex 2020/03/06 v1.0d TeX engine tests
))
\Gm@cnth=\count278
\Gm@cntv=\count279
\c@Gm@tempcnt=\count280
\Gm@bindingoffset=\dimen158
\Gm@wd@mp=\dimen159
\Gm@odd@mp=\dimen160
\Gm@even@mp=\dimen161
\Gm@layoutwidth=\dimen162
\Gm@layoutheight=\dimen163
\Gm@layouthoffset=\dimen164
\Gm@layoutvoffset=\dimen165
\Gm@dimlist=\toks26
)
(/usr/share/texlive/texmf-dist/tex/latex/enumitem/enumitem.sty
Package: enumitem 2019/06/20 v3.9 Customized lists
\labelindent=\skip63
\enit@outerparindent=\dimen166
\enit@toks=\toks27
\enit@inbox=\box54
\enit@count@id=\count281
\enitdp@description=\count282
)
(/usr/share/texlive/texmf-dist/tex/latex/wrapfig/wrapfig.sty
\wrapoverhang=\dimen167
\WF@size=\dimen168
\c@WF@wrappedlines=\count283
\WF@box=\box55
\WF@everypar=\toks28
Package: wrapfig 2003/01/31  v 3.6
)
(/usr/share/texlive/texmf-dist/tex/latex/caption/subcaption.sty
Package: subcaption 2020/10/07 v1.3j Sub-captions (AR)

(/usr/share/texlive/texmf-dist/tex/latex/caption/caption.sty
Package: caption 2020/10/26 v3.5g Customizing captions (AR)

(/usr/share/texlive/texmf-dist/tex/latex/caption/caption3.sty
Package: caption3 2020/10/21 v2.2e caption3 kernel (AR)
\captionmargin=\dimen169
\captionmargin@=\dimen170
\captionwidth=\dimen171
\caption@tempdima=\dimen172
\caption@indent=\dimen173
\caption@parindent=\dimen174
\caption@hangindent=\dimen175
Package caption Info: Standard document class detected.
)
\c@caption@flags=\count284
\c@continuedfloat=\count285
Package caption Info: wrapfig package is loaded.
)
\c@subfigure=\count286
\c@subtable=\count287
)

LaTeX Warning: Unused global option(s):
    [13pt].

(./main.aux
LaTeX Info: Redefining \. on input line 8.
LaTeX Info: Redefining \% on input line 8.
 (./tp.aux))
\openout1 = `main.aux'.

LaTeX Font Info:    Checking defaults for OML/cmm/m/it on input line 48.
LaTeX Font Info:    ... okay on input line 48.
LaTeX Font Info:    Checking defaults for OMS/cmsy/m/n on input line 48.
LaTeX Font Info:    ... okay on input line 48.
LaTeX Font Info:    Checking defaults for OT1/cmr/m/n on input line 48.
LaTeX Font Info:    ... okay on input line 48.
LaTeX Font Info:    Checking defaults for T1/cmr/m/n on input line 48.
LaTeX Font Info:    ... okay on input line 48.
LaTeX Font Info:    Checking defaults for TS1/cmr/m/n on input line 48.
LaTeX Font Info:    ... okay on input line 48.
LaTeX Font Info:    Checking defaults for OMX/cmex/m/n on input line 48.
LaTeX Font Info:    ... okay on input line 48.
LaTeX Font Info:    Checking defaults for U/cmr/m/n on input line 48.
LaTeX Font Info:    ... okay on input line 48.
LaTeX Info: Redefining \. on input line 48.
LaTeX Info: Redefining \% on input line 48.

(/usr/share/texlive/texmf-dist/tex/context/base/mkii/supp-pdf.mkii
[Loading MPS to PDF converter (version 2006.09.02).]
\scratchcounter=\count288
\scratchdimen=\dimen176
\scratchbox=\box56
\nofMPsegments=\count289
\nofMParguments=\count290
\everyMPshowfont=\toks29
\MPscratchCnt=\count291
\MPscratchDim=\dimen177
\MPnumerator=\count292
\makeMPintoPDFobject=\count293
\everyMPtoPDFconversion=\toks30
) (/usr/share/texlive/texmf-dist/tex/latex/epstopdf-pkg/epstopdf-base.sty
Package: epstopdf-base 2020-01-24 v2.11 Base part for package epstopdf
Package epstopdf-base Info: Redefining graphics rule for `.eps' on input line 4
85.

(/usr/share/texlive/texmf-dist/tex/latex/latexconfig/epstopdf-sys.cfg
File: epstopdf-sys.cfg 2010/07/13 v1.3 Configuration of (r)epstopdf for TeX Liv
e
))
*geometry* driver: auto-detecting
*geometry* detected driver: pdftex
*geometry* verbose mode - [ preamble ] result:
* driver: pdftex
* paper: letterpaper
* layout: <same size as paper>
* layoutoffset:(h,v)=(0.0pt,0.0pt)
* modes: 
* h-part:(L,W,R)=(92.14519pt, 430.00462pt, 92.14519pt)
* v-part:(T,H,B)=(95.39737pt, 556.47656pt, 143.09605pt)
* \paperwidth=598.14806pt
* \paperheight=845.90042pt
* \textwidth=469.47046pt
* \textheight=666.36348pt
* \oddsidemargin=62.59596pt
* \evensidemargin=66.08163pt
* \topmargin=56.9055pt
* \headheight=14.0pt
* \headsep=14.22636pt
* \topskip=10.0pt
* \footskip=14.22636pt
* \marginparwidth=65.0pt
* \marginparsep=11.0pt
* \columnsep=10.0pt
* \skip\footins=9.0pt plus 4.0pt minus 2.0pt
* \hoffset=-72.26999pt
* \voffset=-72.26999pt
* \mag=1000
* \@twocolumnfalse
* \@twosidefalse
* \@mparswitchfalse
* \@reversemarginfalse
* (1in=72.27pt=25.4mm, 1cm=28.453pt)

Package caption Info: Begin \AtBeginDocument code.
Package caption Info: End \AtBeginDocument code.
<./img//2.png, id=1, 392.46625pt x 464.73625pt>
File: ./img//2.png Graphic file (type png)
<use ./img//2.png>
Package pdftex.def Info: ./img//2.png  used on input line 62.
(pdftex.def)             Requested size: 84.09712pt x 99.58464pt.
LaTeX Font Info:    Trying to load font information for U+msa on input line 82.

(/usr/share/texlive/texmf-dist/tex/latex/amsfonts/umsa.fd
File: umsa.fd 2013/01/14 v3.01 AMS symbols A
)
LaTeX Font Info:    Trying to load font information for U+msb on input line 82.


(/usr/share/texlive/texmf-dist/tex/latex/amsfonts/umsb.fd
File: umsb.fd 2013/01/14 v3.01 AMS symbols B
) [1

{/var/lib/texmf/fonts/map/pdftex/updmap/pdftex.map} <./img//2.png>] (./main.toc
LaTeX Info: Redefining \. on input line 1.
LaTeX Info: Redefining \% on input line 1.
)
\tf@toc=\write3
\openout3 = `main.toc'.

 [1]
\openout2 = `tp.aux'.

 (./tp.tex
<./img//3.jpeg, id=17, 1027.84pt x 677.53125pt>
File: ./img//3.jpeg Graphic file (type jpg)
<use ./img//3.jpeg>
Package pdftex.def Info: ./img//3.jpeg  used on input line 7.
(pdftex.def)             Requested size: 302.14369pt x 199.16928pt.

[2

 <./img//3.jpeg>] [3]
<./img//4.png, id=25, 783.92876pt x 442.65375pt>
File: ./img//4.png Graphic file (type png)
<use ./img//4.png>
Package pdftex.def Info: ./img//4.png  used on input line 47.
(pdftex.def)             Requested size: 313.56595pt x 177.05835pt.
<./img//5.png, id=26, 1260.71pt x 399.4925pt>
File: ./img//5.png Graphic file (type png)
<use ./img//5.png>
Package pdftex.def Info: ./img//5.png  used on input line 64.
(pdftex.def)             Requested size: 378.21593pt x 119.84866pt.
 [4

 <./img//4.png>]
<./img//6.png, id=30, 1196.47pt x 397.485pt>
File: ./img//6.png Graphic file (type png)
<use ./img//6.png>
Package pdftex.def Info: ./img//6.png  used on input line 73.
(pdftex.def)             Requested size: 418.77078pt x 139.12183pt.
 [5 <./img//5.png> <./img//6.png>]
<./img//9.png, id=41, 558.085pt x 223.83624pt>
File: ./img//9.png Graphic file (type png)
<use ./img//9.png>
Package pdftex.def Info: ./img//9.png  used on input line 112.
(pdftex.def)             Requested size: 279.04182pt x 111.91785pt.
<./img//10.png, id=42, 630.355pt x 162.6075pt>
File: ./img//10.png Graphic file (type png)
<use ./img//10.png>
Package pdftex.def Info: ./img//10.png  used on input line 123.
(pdftex.def)             Requested size: 315.17673pt x 81.30354pt.
<./img//7.png, id=43, 731.73375pt x 245.91875pt>
File: ./img//7.png Graphic file (type png)
<use ./img//7.png>
Package pdftex.def Info: ./img//7.png  used on input line 134.
(pdftex.def)             Requested size: 365.86598pt x 122.95906pt.

[6 <./img//9.png> <./img//10.png>]
<./img//11.png, id=49, 537.00626pt x 441.65pt>
File: ./img//11.png Graphic file (type png)
<use ./img//11.png>
Package pdftex.def Info: ./img//11.png  used on input line 152.
(pdftex.def)             Requested size: 252.39297pt x 207.57552pt.
 [7 <./img//7.png> <./img//11.png>]
<./img//12.png, id=54, 528.97626pt x 168.63pt>
File: ./img//12.png Graphic file (type png)
<use ./img//12.png>
Package pdftex.def Info: ./img//12.png  used on input line 162.
(pdftex.def)             Requested size: 264.48747pt x 84.31479pt.
<./img//13.png, id=55, 336.25626pt x 334.24875pt>
File: ./img//13.png Graphic file (type png)
<use ./img//13.png>
Package pdftex.def Info: ./img//13.png  used on input line 171.
(pdftex.def)             Requested size: 117.36761pt x 116.6675pt.
<./img//14.png, id=56, 339.2675pt x 340.27126pt>
File: ./img//14.png Graphic file (type png)
<use ./img//14.png>
Package pdftex.def Info: ./img//14.png  used on input line 173.
(pdftex.def)             Requested size: 117.36761pt x 117.71042pt.
<./img//15.png, id=57, 336.25626pt x 332.24126pt>
File: ./img//15.png Graphic file (type png)
<use ./img//15.png>
Package pdftex.def Info: ./img//15.png  used on input line 181.
(pdftex.def)             Requested size: 110.9649pt x 109.63994pt.
 [8 <./img//12.png> <./img//13.png> <./img//14.png> <./img//15.png>]
<./img//16.png, id=65, 371.3875pt x 244.915pt>
File: ./img//16.png Graphic file (type png)
<use ./img//16.png>
Package pdftex.def Info: ./img//16.png  used on input line 189.
(pdftex.def)             Requested size: 167.12282pt x 110.21072pt.
<./img//18.png, id=66, 583.17876pt x 157.58875pt>
File: ./img//18.png Graphic file (type png)
<use ./img//18.png>
Package pdftex.def Info: ./img//18.png  used on input line 197.
(pdftex.def)             Requested size: 320.74931pt x 86.67407pt.
 [9 <./img//16.png> <./img//18.png>]
<./img//35.png, id=72, 765.86125pt x 213.79875pt>
File: ./img//35.png Graphic file (type png)
<use ./img//35.png>
Package pdftex.def Info: ./img//35.png  used on input line 234.
(pdftex.def)             Requested size: 421.22499pt x 117.58966pt.
<./img//19.png, id=73, 299.1175pt x 278.03876pt>
File: ./img//19.png Graphic file (type png)
<use ./img//19.png>
Package pdftex.def Info: ./img//19.png  used on input line 242.
(pdftex.def)             Requested size: 149.55838pt x 139.01903pt.
 [10 <./img//35.png> <./img//19.png>]
<./img//20.png, id=79, 262.9825pt x 242.9075pt>
File: ./img//20.png Graphic file (type png)
<use ./img//20.png>
Package pdftex.def Info: ./img//20.png  used on input line 256.
(pdftex.def)             Requested size: 157.7907pt x 145.7456pt.
<./img//21.png, id=80, 338.26375pt x 308.15125pt>
File: ./img//21.png Graphic file (type png)
<use ./img//21.png>
Package pdftex.def Info: ./img//21.png  used on input line 264.
(pdftex.def)             Requested size: 158.98398pt x 144.8311pt.
<./img//22.png, id=81, 780.9175pt x 339.2675pt>
File: ./img//22.png Graphic file (type png)
<use ./img//22.png>
Package pdftex.def Info: ./img//22.png  used on input line 282.
(pdftex.def)             Requested size: 351.40962pt x 152.66896pt.
 [11 <./img//20.png> <./img//21.png>]
<./img//23.png, id=87, 780.9175pt x 191.71625pt>
File: ./img//23.png Graphic file (type png)
<use ./img//23.png>
Package pdftex.def Info: ./img//23.png  used on input line 291.
(pdftex.def)             Requested size: 351.40962pt x 86.2715pt.
<./img//24.png, id=88, 213.79875pt x 210.7875pt>
File: ./img//24.png Graphic file (type png)
<use ./img//24.png>
Package pdftex.def Info: ./img//24.png  used on input line 299.
(pdftex.def)             Requested size: 128.28023pt x 126.47346pt.
 [12 <./img//22.png> <./img//23.png> <./img//24.png>]
<./img//25.png, id=96, 301.125pt x 303.1325pt>
File: ./img//25.png Graphic file (type png)
<use ./img//25.png>
Package pdftex.def Info: ./img//25.png  used on input line 309.
(pdftex.def)             Requested size: 177.6622pt x 178.84662pt.
<./img//26.png, id=97, 374.39874pt x 379.4175pt>
File: ./img//26.png Graphic file (type png)
<use ./img//26.png>
Package pdftex.def Info: ./img//26.png  used on input line 324.
(pdftex.def)             Requested size: 149.75684pt x 151.7643pt.
 [13 <./img//25.png> <./img//26.png>]
<./img//27.png, id=103, 338.26375pt x 286.06876pt>
File: ./img//27.png Graphic file (type png)
<use ./img//27.png>
Package pdftex.def Info: ./img//27.png  used on input line 340.
(pdftex.def)             Requested size: 202.95981pt x 171.64258pt.
<./img//28.png, id=104, 359.3425pt x 349.305pt>
File: ./img//28.png Graphic file (type png)
<use ./img//28.png>
Package pdftex.def Info: ./img//28.png  used on input line 348.
(pdftex.def)             Requested size: 143.73445pt x 139.71951pt.
<./img//30.png, id=105, 290.08376pt x 275.0275pt>
File: ./img//30.png Graphic file (type png)
<use ./img//30.png>
Package pdftex.def Info: ./img//30.png  used on input line 369.
(pdftex.def)             Requested size: 145.04152pt x 137.51341pt.
<./img//31.png, id=106, 387.4475pt x 223.83624pt>
File: ./img//31.png Graphic file (type png)
<use ./img//31.png>
Package pdftex.def Info: ./img//31.png  used on input line 373.
(pdftex.def)             Requested size: 193.72327pt x 111.91785pt.
 [14 <./img//27.png> <./img//28.png>]
<./img//32.png, id=112, 576.1525pt x 309.155pt>
File: ./img//32.png Graphic file (type png)
<use ./img//32.png>
Package pdftex.def Info: ./img//32.png  used on input line 386.
(pdftex.def)             Requested size: 345.69415pt x 185.49442pt.
 [15 <./img//30.png> <./img//31.png> <./img//32.png>]
<./img//33.png, id=119, 703.62875pt x 202.7575pt>
File: ./img//33.png Graphic file (type png)
<use ./img//33.png>
Package pdftex.def Info: ./img//33.png  used on input line 406.
(pdftex.def)             Requested size: 422.18051pt x 121.65543pt.
 [16 <./img//33.png>]
<./img//34.png, id=127, 679.53876pt x 315.1775pt>
File: ./img//34.png Graphic file (type png)
<use ./img//34.png>
Package pdftex.def Info: ./img//34.png  used on input line 458.
(pdftex.def)             Requested size: 407.72641pt x 189.10796pt.
 [17

 <./img//34.png>])
[18] (./main.aux
LaTeX Info: Redefining \. on input line 8.
LaTeX Info: Redefining \% on input line 8.
 (./tp.aux)) ) 
Here is how much of TeX's memory you used:
 8132 strings out of 478287
 132589 string characters out of 5849289
 539148 words of memory out of 5000000
 26216 multiletter control sequences out of 15000+600000
 479465 words of font info for 67 fonts, out of 8000000 for 9000
 1141 hyphenation exceptions out of 8191
 68i,13n,77p,682b,545s stack positions out of 5000i,500n,10000p,200000b,80000s
</usr/share/texlive/texmf-dist/fonts/type1/public/amsfonts/cm/cmb
x10.pfb></usr/share/texlive/texmf-dist/fonts/type1/public/amsfonts/cm/cmbx12.pf
b></usr/share/texlive/texmf-dist/fonts/type1/public/amsfonts/cm/cmbx7.pfb></usr
/share/texlive/texmf-dist/fonts/type1/public/amsfonts/cm/cmcsc10.pfb></usr/shar
e/texlive/texmf-dist/fonts/type1/public/amsfonts/cm/cmex10.pfb></usr/share/texl
ive/texmf-dist/fonts/type1/public/amsfonts/cm/cmmi10.pfb></usr/share/texlive/te
xmf-dist/fonts/type1/public/amsfonts/cm/cmmi12.pfb></usr/share/texlive/texmf-di
st/fonts/type1/public/amsfonts/cm/cmmi7.pfb></usr/share/texlive/texmf-dist/font
s/type1/public/amsfonts/cm/cmmi8.pfb></usr/share/texlive/texmf-dist/fonts/type1
/public/amsfonts/cm/cmr10.pfb></usr/share/texlive/texmf-dist/fonts/type1/public
/amsfonts/cm/cmr12.pfb></usr/share/texlive/texmf-dist/fonts/type1/public/amsfon
ts/cm/cmr5.pfb></usr/share/texlive/texmf-dist/fonts/type1/public/amsfonts/cm/cm
r7.pfb></usr/share/texlive/texmf-dist/fonts/type1/public/amsfonts/cm/cmr8.pfb><
/usr/share/texlive/texmf-dist/fonts/type1/public/amsfonts/cm/cmsy10.pfb></usr/s
hare/texlive/texmf-dist/fonts/type1/public/amsfonts/cm/cmsy7.pfb></usr/share/te
xlive/texmf-dist/fonts/type1/public/amsfonts/cm/cmti10.pfb></usr/share/texlive/
texmf-dist/fonts/type1/public/amsfonts/cm/cmtt10.pfb>
Output written on main.pdf (19 pages, 4147329 bytes).
PDF statistics:
 212 PDF objects out of 1000 (max. 8388607)
 99 compressed objects within 1 object stream
 0 named destinations out of 1000 (max. 500000)
 156 words of extra memory for PDF output out of 10000 (max. 10000000)

